[debug] [2022-03-01T14:31:47.545Z] ----------------------------------------------------------------------
[debug] [2022-03-01T14:31:47.548Z] Command:       /usr/local/Cellar/node/17.6.0/bin/node /usr/local/bin/firebase init
[debug] [2022-03-01T14:31:47.548Z] CLI Version:   10.2.1
[debug] [2022-03-01T14:31:47.548Z] Platform:      darwin
[debug] [2022-03-01T14:31:47.549Z] Node Version:  v17.6.0
[debug] [2022-03-01T14:31:47.550Z] Time:          Tue Mar 01 2022 20:01:47 GMT+0530 (India Standard Time)
[debug] [2022-03-01T14:31:47.551Z] ----------------------------------------------------------------------
[debug] 
[debug] [2022-03-01T14:31:47.616Z] > command requires scopes: ["email","openid","https://www.googleapis.com/auth/cloudplatformprojects.readonly","https://www.googleapis.com/auth/firebase","https://www.googleapis.com/auth/cloud-platform"]
[debug] [2022-03-01T14:31:47.616Z] > authorizing via signed-in user (rehanganapathy1710@gmail.com)
[info] 
     ######## #### ########  ######## ########     ###     ######  ########
     ##        ##  ##     ## ##       ##     ##  ##   ##  ##       ##
     ######    ##  ########  ######   ########  #########  ######  ######
     ##        ##  ##    ##  ##       ##     ## ##     ##       ## ##
     ##       #### ##     ## ######## ########  ##     ##  ######  ########

You're about to initialize a Firebase project in this directory:

  /Users/rehanganapathy/Desktop/netflix

Before we get started, keep in mind:

  * You are initializing within an existing Firebase project directory

[info] 
=== Project Setup
[info] 
[info] First, let's associate this project directory with a Firebase project.
[info] You can create multiple project aliases by running firebase use --add, 
[info] but for now we'll just set up a default project.
[info] 
[debug] [2022-03-01T14:31:51.614Z] Using project from CLI flag: netflix-clone-4dd68
[debug] [2022-03-01T14:31:51.616Z] > refreshing access token with scopes: []
[debug] [2022-03-01T14:31:51.617Z] >>> HTTP REQUEST POST https://www.googleapis.com/oauth2/v3/token  
 <request body omitted>
[debug] [2022-03-01T14:31:53.876Z] <<< HTTP RESPONSE 200 {"date":"Tue, 01 Mar 2022 14:31:53 GMT","cache-control":"no-cache, no-store, max-age=0, must-revalidate","expires":"Mon, 01 Jan 1990 00:00:00 GMT","pragma":"no-cache","content-type":"application/json; charset=utf-8","vary":"X-Origin, Referer, Origin,Accept-Encoding","server":"scaffolding on HTTPServer2","x-xss-protection":"0","x-frame-options":"SAMEORIGIN","x-content-type-options":"nosniff","alt-svc":"h3=\":443\"; ma=2592000,h3-29=\":443\"; ma=2592000,h3-Q050=\":443\"; ma=2592000,h3-Q046=\":443\"; ma=2592000,h3-Q043=\":443\"; ma=2592000,quic=\":443\"; ma=2592000; v=\"46,43\"","accept-ranges":"none","transfer-encoding":"chunked"}
[debug] [2022-03-01T14:31:53.940Z] >>> [apiv2][query] GET https://firebase.googleapis.com/v1beta1/projects/netflix-clone-4dd68 [none]
[debug] [2022-03-01T14:31:56.453Z] <<< [apiv2][status] GET https://firebase.googleapis.com/v1beta1/projects/netflix-clone-4dd68 200
[debug] [2022-03-01T14:31:56.454Z] <<< [apiv2][body] GET https://firebase.googleapis.com/v1beta1/projects/netflix-clone-4dd68 {"projectId":"netflix-clone-4dd68","projectNumber":"759235849712","displayName":"netflix-clone","name":"projects/netflix-clone-4dd68","resources":{"hostingSite":"netflix-clone-4dd68","realtimeDatabaseInstance":"netflix-clone-4dd68-default-rtdb"},"state":"ACTIVE"}
[info] i  Using project netflix-clone-4dd68 (netflix-clone) 
[info] 
=== Hosting Setup
[info] 
[info] Your public directory is the folder (relative to your project directory) that
[info] will contain Hosting assets to be uploaded with firebase deploy. If you
[info] have a build process for your assets, use your build's output directory.
[info] 
[debug] [2022-03-01T14:32:10.877Z] >>> [apiv2][query] GET https://www.gstatic.com/firebasejs/releases.json [none]
[debug] [2022-03-01T14:32:14.865Z] <<< [apiv2][status] GET https://www.gstatic.com/firebasejs/releases.json 200
[debug] [2022-03-01T14:32:14.866Z] <<< [apiv2][body] GET https://www.gstatic.com/firebasejs/releases.json {"current":{"version":"9.6.7","browserURL":"https://www.gstatic.com/firebasejs/9.6.7/firebase.js","packageURL":"https://www.gstatic.com/firebasejs/9.6.7/firebase.tgz"},"live":{"version":"9.6","browserURL":"https://www.gstatic.com/firebasejs/live/9.6/firebase.js","packageURL":"https://www.gstatic.com/firebasejs/live/9.6/firebase.tgz"},"components":{"analytics":"https://www.gstatic.com/firebasejs/9.6.7/firebase-analytics.js","app":"https://www.gstatic.com/firebasejs/9.6.7/firebase-app.js","app-check":"https://www.gstatic.com/firebasejs/9.6.7/firebase-app-check.js","auth":"https://www.gstatic.com/firebasejs/9.6.7/firebase-auth.js","auth/cordova":"https://www.gstatic.com/firebasejs/9.6.7/firebase-auth/cordova.js","auth/react-native":"https://www.gstatic.com/firebasejs/9.6.7/firebase-auth/react-native.js","functions":"https://www.gstatic.com/firebasejs/9.6.7/firebase-functions.js","firestore":"https://www.gstatic.com/firebasejs/9.6.7/firebase-firestore.js","firestore/lite":"https://www.gstatic.com/firebasejs/9.6.7/firebase-firestore/lite.js","storage":"https://www.gstatic.com/firebasejs/9.6.7/firebase-storage.js","performance":"https://www.gstatic.com/firebasejs/9.6.7/firebase-performance.js","remote-config":"https://www.gstatic.com/firebasejs/9.6.7/firebase-remote-config.js","messaging":"https://www.gstatic.com/firebasejs/9.6.7/firebase-messaging.js","messaging/sw":"https://www.gstatic.com/firebasejs/9.6.7/firebase-messaging/sw.js","database":"https://www.gstatic.com/firebasejs/9.6.7/firebase-database.js","firestore.memory":"https://www.gstatic.com/firebasejs/9.6.7/firebase-firestore.memory.js"}}
[info] ✔  Wrote public/index.html 
[info] 
[info] i  Detected a .git folder at /Users/rehanganapathy/Desktop/netflix/my-app 
[info] i  Authorizing with GitHub to upload your service account to a GitHub repository's secrets store. 
[info] 
[info] Visit this URL on this device to log in:
[info] https://github.com/login/oauth/authorize?client_id=89cf50f02ac6aaed3484&state=547868691&redirect_uri=http%3A%2F%2Flocalhost%3A9005&scope=read%3Auser%20repo%20public_repo
[info] 
[info] Waiting for authentication...
[debug] [2022-03-01T14:32:35.185Z] >>> HTTP REQUEST POST https://github.com/login/oauth/access_token  
 {"client_id":"89cf50f02ac6aaed3484","client_secret":"3330d14abc895d9a74d5f17cd7a00711fa2c5bf0","code":"2feac01b5b8373500740","redirect_uri":"http://localhost:9005","state":"547868691"}
[debug] [2022-03-01T14:32:35.663Z] <<< HTTP RESPONSE 200 {"server":"GitHub.com","date":"Tue, 01 Mar 2022 14:32:35 GMT","content-type":"application/json; charset=utf-8","transfer-encoding":"chunked","vary":"X-PJAX, X-PJAX-Container, Accept-Encoding, Accept, X-Requested-With","permissions-policy":"interest-cohort=()","etag":"W/\"1dfe0ca64c741e6417e936cc6b067c6c\"","cache-control":"max-age=0, private, must-revalidate","strict-transport-security":"max-age=31536000; includeSubdomains; preload","x-frame-options":"deny","x-content-type-options":"nosniff","x-xss-protection":"0","referrer-policy":"origin-when-cross-origin, strict-origin-when-cross-origin","expect-ct":"max-age=2592000, report-uri=\"https://api.github.com/_private/browser/errors\"","content-security-policy":"default-src 'none'; base-uri 'self'; block-all-mixed-content; child-src github.com/assets-cdn/worker/ gist.github.com/assets-cdn/worker/; connect-src 'self' uploads.github.com objects-origin.githubusercontent.com www.githubstatus.com collector.githubapp.com collector.github.com api.github.com github-cloud.s3.amazonaws.com github-production-repository-file-5c1aeb.s3.amazonaws.com github-production-upload-manifest-file-7fdce7.s3.amazonaws.com github-production-user-asset-6210df.s3.amazonaws.com cdn.optimizely.com logx.optimizely.com/v1/events translator.github.com wss://alive.github.com; font-src github.githubassets.com; form-action 'self' github.com gist.github.com objects-origin.githubusercontent.com; frame-ancestors 'none'; frame-src render.githubusercontent.com viewscreen.githubusercontent.com notebooks.githubusercontent.com; img-src 'self' data: github.githubassets.com identicons.github.com collector.githubapp.com collector.github.com github-cloud.s3.amazonaws.com secured-user-images.githubusercontent.com/ *.githubusercontent.com; manifest-src 'self'; media-src github.com user-images.githubusercontent.com/; script-src github.githubassets.com; style-src 'unsafe-inline' github.githubassets.com; worker-src github.com/assets-cdn/worker/ gist.github.com/assets-cdn/worker/","x-github-request-id":"EFB7:17B0:1AB849:22D50A:621E2E83"}
[debug] [2022-03-01T14:32:35.680Z] >>> [apiv2][query] GET https://api.github.com/user [none]
[debug] [2022-03-01T14:32:36.175Z] <<< [apiv2][status] GET https://api.github.com/user 200
[debug] [2022-03-01T14:32:36.175Z] <<< [apiv2][body] GET https://api.github.com/user {"login":"rehanganapathy","id":79349712,"node_id":"MDQ6VXNlcjc5MzQ5NzEy","avatar_url":"https://avatars.githubusercontent.com/u/79349712?v=4","gravatar_id":"","url":"https://api.github.com/users/rehanganapathy","html_url":"https://github.com/rehanganapathy","followers_url":"https://api.github.com/users/rehanganapathy/followers","following_url":"https://api.github.com/users/rehanganapathy/following{/other_user}","gists_url":"https://api.github.com/users/rehanganapathy/gists{/gist_id}","starred_url":"https://api.github.com/users/rehanganapathy/starred{/owner}{/repo}","subscriptions_url":"https://api.github.com/users/rehanganapathy/subscriptions","organizations_url":"https://api.github.com/users/rehanganapathy/orgs","repos_url":"https://api.github.com/users/rehanganapathy/repos","events_url":"https://api.github.com/users/rehanganapathy/events{/privacy}","received_events_url":"https://api.github.com/users/rehanganapathy/received_events","type":"User","site_admin":false,"name":"Rehan Ganapathy","company":null,"blog":"","location":null,"email":null,"hireable":null,"bio":null,"twitter_username":null,"public_repos":3,"public_gists":0,"followers":2,"following":1,"created_at":"2021-02-20T05:00:07Z","updated_at":"2022-02-11T03:18:47Z","private_gists":0,"total_private_repos":1,"owned_private_repos":1,"disk_usage":10482,"collaborators":0,"two_factor_authentication":false,"plan":{"name":"free","space":976562499,"collaborators":0,"private_repos":10000}}
[info] 
[info] ✔  Success! Logged into GitHub as rehanganapathy 
[info] 
